2018-08-27T05:24:31.260Z - normal: Load ~/.CocosCreator/settings.json
2018-08-27T05:24:31.273Z - normal: checking language setting...
2018-08-27T05:24:31.273Z - normal: Language: en
2018-08-27T05:24:33.488Z - success: protocol editor-framework registered
2018-08-27T05:24:33.489Z - success: protocol app registered
2018-08-27T05:24:33.489Z - success: protocol theme registered
2018-08-27T05:24:33.489Z - success: protocol packages registered
2018-08-27T05:24:33.489Z - success: protocol unpack registerred
2018-08-27T05:24:33.489Z - success: protocol disable-commonjs registerred
2018-08-27T05:24:36.485Z - normal: failed to connect login server due to request timeout
2018-08-27T05:24:36.488Z - normal: Check project E:\HRM\Program\Cocos2d Creator\Flootit\c2dc_flood
2018-08-27T05:24:36.494Z - normal: Initializing project E:\HRM\Program\Cocos2d Creator\Flootit\c2dc_flood
2018-08-27T05:24:36.500Z - normal: Initializing Cocos2d
2018-08-27T05:24:37.958Z - normal: Initializing Asset Database
2018-08-27T05:24:38.042Z - success: protocol uuid registerred
2018-08-27T05:24:38.043Z - success: protocol db registerred
2018-08-27T05:24:38.043Z - success: protocol thumbnail registerred
2018-08-27T05:24:38.043Z - normal: Loading editor/builtin packages
2018-08-27T05:24:38.243Z - success: assets loaded
2018-08-27T05:24:38.247Z - success: builder loaded
2018-08-27T05:24:38.250Z - success: cocos-analytics loaded
2018-08-27T05:24:38.255Z - success: console loaded
2018-08-27T05:24:38.305Z - success: fb-instant-games loaded
2018-08-27T05:24:38.311Z - success: hierarchy loaded
2018-08-27T05:24:38.314Z - success: inspector loaded
2018-08-27T05:24:38.316Z - success: keystore loaded
2018-08-27T05:24:38.323Z - success: node-library loaded
2018-08-27T05:24:38.326Z - success: package-asset loaded
2018-08-27T05:24:38.328Z - success: preferences loaded
2018-08-27T05:24:38.330Z - success: project-exporter loaded
2018-08-27T05:24:38.352Z - success: project-importer loaded
2018-08-27T05:24:38.355Z - success: project-settings loaded
2018-08-27T05:24:38.367Z - success: ui-kit loaded
2018-08-27T05:24:38.371Z - success: scene loaded
2018-08-27T05:24:38.373Z - success: sprite-editor loaded
2018-08-27T05:24:38.377Z - success: store loaded
2018-08-27T05:24:38.382Z - success: timeline loaded
2018-08-27T05:24:38.382Z - normal: Loading builtin packages
2018-08-27T05:24:38.387Z - success: asset-db-debugger loaded
2018-08-27T05:24:38.399Z - success: code-editor loaded
2018-08-27T05:24:38.400Z - success: color-picker loaded
2018-08-27T05:24:38.401Z - success: jsb-adapter loaded
2018-08-27T05:24:38.405Z - success: package-manager loaded
2018-08-27T05:24:38.407Z - success: qqplay-adapter loaded
2018-08-27T05:24:38.421Z - success: sdkbox loaded
2018-08-27T05:24:38.426Z - success: tester loaded
2018-08-27T05:24:38.428Z - success: ui-grid loaded
2018-08-27T05:24:38.430Z - success: ui-kit-preview-extra loaded
2018-08-27T05:24:38.433Z - success: ui-kit-preview loaded
2018-08-27T05:24:38.439Z - success: ui-tree loaded
2018-08-27T05:24:38.441Z - success: weapp-adapter loaded
2018-08-27T05:24:39.920Z - normal: Loading packages
2018-08-27T05:24:39.927Z - normal: Watching packages
2018-08-27T05:24:40.438Z - normal: Run Application
2018-08-27T05:24:42.523Z - success: preview server running at http://localhost:7457
2018-08-27T05:24:50.829Z - warn: No need to specify the "type" of "button.color" because cc.Color is a child class of ValueType. Just set the default value to 'new cc.Color()' and it will be handled properly. button color cc.Color
